[debug] [2020-04-23T05:36:56.648Z] ----------------------------------------------------------------------
[debug] [2020-04-23T05:36:56.651Z] Command:       /usr/local/bin/node /usr/local/bin/firebase deploy
[debug] [2020-04-23T05:36:56.651Z] CLI Version:   7.15.1
[debug] [2020-04-23T05:36:56.651Z] Platform:      darwin
[debug] [2020-04-23T05:36:56.651Z] Node Version:  v10.15.1
[debug] [2020-04-23T05:36:56.652Z] Time:          Thu Apr 23 2020 00:36:56 GMT-0500 (Central Daylight Time)
[debug] [2020-04-23T05:36:56.652Z] ----------------------------------------------------------------------
[debug] [2020-04-23T05:36:56.652Z] 
[debug] [2020-04-23T05:36:56.670Z] > command requires scopes: ["email","openid","https://www.googleapis.com/auth/cloudplatformprojects.readonly","https://www.googleapis.com/auth/firebase","https://www.googleapis.com/auth/cloud-platform"]
[debug] [2020-04-23T05:36:56.670Z] > authorizing via signed-in user
[debug] [2020-04-23T05:36:56.671Z] [iam] checking project noiskitchenkc for permissions ["cloudfunctions.functions.create","cloudfunctions.functions.delete","cloudfunctions.functions.get","cloudfunctions.functions.list","cloudfunctions.functions.update","cloudfunctions.operations.get","firebase.projects.get","firebasedatabase.instances.update","firebasehosting.sites.update"]
[debug] [2020-04-23T05:36:56.673Z] >>> HTTP REQUEST POST https://cloudresourcemanager.googleapis.com/v1/projects/noiskitchenkc:testIamPermissions  

[debug] [2020-04-23T05:36:56.879Z] <<< HTTP RESPONSE 200
[debug] [2020-04-23T05:36:56.882Z] >>> HTTP REQUEST GET https://firebase.googleapis.com/v1beta1/projects/noiskitchenkc  
 
[debug] [2020-04-23T05:36:57.113Z] <<< HTTP RESPONSE 200
[info] 
[info] === Deploying to 'noiskitchenkc'...
[info] 
[info] i  deploying database, functions, hosting
[info] i  database: checking rules syntax...
[debug] [2020-04-23T05:36:59.406Z] >>> HTTP REQUEST PUT https://noiskitchenkc.firebaseio.com/.settings/rules.json?dryRun=true  
 {
  "rules": {
      ".read": true,
      ".write": true 
  }
}
[debug] [2020-04-23T05:36:59.578Z] <<< HTTP RESPONSE 200
[info] ✔  database: rules syntax for database noiskitchenkc is valid
[debug] [2020-04-23T05:36:59.582Z] > [functions] package.json contents: {
  "name": "functions",
  "description": "Cloud Functions for Firebase",
  "scripts": {
    "serve": "firebase emulators:start --only functions",
    "shell": "firebase functions:shell",
    "start": "npm run shell",
    "deploy": "firebase deploy --only functions",
    "logs": "firebase functions:log"
  },
  "engines": {
    "node": "8"
  },
  "dependencies": {
    "firebase-admin": "^8.6.0",
    "firebase-functions": "^3.3.0",
    "nodemailer": "^6.4.6",
    "nodemailer-html-to-text": "^3.1.0"
  },
  "devDependencies": {
    "firebase-functions-test": "^0.1.6"
  },
  "private": true
}
[info] i  functions: ensuring necessary APIs are enabled...
[debug] [2020-04-23T05:36:59.586Z] >>> HTTP REQUEST GET https://serviceusage.googleapis.com/v1/projects/noiskitchenkc/services/cloudfunctions.googleapis.com  
 
[debug] [2020-04-23T05:36:59.587Z] >>> HTTP REQUEST GET https://serviceusage.googleapis.com/v1/projects/noiskitchenkc/services/runtimeconfig.googleapis.com  
 
[debug] [2020-04-23T05:36:59.884Z] <<< HTTP RESPONSE 200
[debug] [2020-04-23T05:36:59.919Z] <<< HTTP RESPONSE 200
[info] ✔  functions: all necessary APIs are enabled
[debug] [2020-04-23T05:36:59.921Z] >>> HTTP REQUEST GET https://firebase.googleapis.com/v1beta1/projects/noiskitchenkc/adminSdkConfig  
 
[debug] [2020-04-23T05:37:00.052Z] <<< HTTP RESPONSE 200
[debug] [2020-04-23T05:37:00.055Z] >>> HTTP REQUEST POST https://firebasehosting.googleapis.com/v1beta1/sites/noiskitchenkc/versions  

[debug] [2020-04-23T05:37:00.535Z] <<< HTTP RESPONSE 200
[info] i  functions: preparing functions directory for uploading...
[debug] [2020-04-23T05:37:00.538Z] >>> HTTP REQUEST GET https://runtimeconfig.googleapis.com/v1beta1/projects/noiskitchenkc/configs  
 
[debug] [2020-04-23T05:37:00.857Z] <<< HTTP RESPONSE 200
[info] i  functions: packaged functions (29.69 KB) for uploading
[debug] [2020-04-23T05:37:01.331Z] >>> HTTP REQUEST POST https://cloudfunctions.googleapis.com/v1/projects/noiskitchenkc/locations/us-central1/functions:generateUploadUrl  
 
[debug] [2020-04-23T05:37:02.208Z] <<< HTTP RESPONSE 200
[debug] [2020-04-23T05:37:02.210Z] >>> HTTP REQUEST PUT https://storage.googleapis.com/gcf-upload-us-central1-889fc870-f1e7-4117-a937-f227c43f965c/8c67a55b-ebf2-48de-90b4-65bad6324614.zip?GoogleAccessId=service-1066191123704@gcf-admin-robot.iam.gserviceaccount.com&Expires=1587622022&Signature=EMiTQDZfPrjFddinD0eTa9XWNwRfwsWy2%2BlGerr0j%2F1dDERVT9Hr%2FJIeM%2BlvAT3exj1H6jkbPGKhrlinFQ2ku2FppWIqgzbIzOSg1A2lOFcsKHBqxbHv%2BEPbfSyoyR6lqj7kLVwcOOxtstPq14%2BtH4H%2FdTnemWzw%2Bp80YvzRtf68KswsvFDJIwxVE1XWlfgbWglRDraB6j%2BMULaYhj%2BprV%2BIjTShAfa%2B6OyodxpJ9f3%2FDu5WUcx%2FQ7JqVa4gP4hFLRpIHiNyotRJjbQwPq4Qi2yTHRxdUGKDJJTfbbg9BXmnnW%2B3jfFWVT7rrLxWsitKxcR5QDWN6wYBJhfH392FtQ%3D%3D  
 <request body omitted>
[debug] [2020-04-23T05:37:02.489Z] <<< HTTP RESPONSE 200
[info] ✔  functions: functions folder uploaded successfully
[info] i  hosting[noiskitchenkc]: beginning deploy...
[info] i  hosting[noiskitchenkc]: found 41 files in build
[debug] [2020-04-23T05:37:02.661Z] [hosting] hash cache [YnVpbGQ] stored for 41 files
[debug] [2020-04-23T05:37:02.662Z] [hosting][hash queue][FINAL]
[debug] [2020-04-23T05:37:02.662Z] >>> HTTP REQUEST POST https://firebasehosting.googleapis.com/v1beta1/sites/noiskitchenkc/versions/577486377f4f426f:populateFiles  
 <request body omitted>
[debug] [2020-04-23T05:37:03.234Z] <<< HTTP RESPONSE 200
[debug] [2020-04-23T05:37:03.244Z] [hosting][populate queue][FINAL]
[debug] [2020-04-23T05:37:03.245Z] [hosting] uploads queued: 8
[debug] [2020-04-23T05:37:04.014Z] [hosting][upload queue][FINAL]
[info] ✔  hosting[noiskitchenkc]: file upload complete
[debug] [2020-04-23T05:37:04.015Z] [hosting] deploy completed after 1524ms
[info] i  database: releasing rules...
[debug] [2020-04-23T05:37:04.132Z] >>> HTTP REQUEST PUT https://noiskitchenkc.firebaseio.com/.settings/rules.json  
 {
  "rules": {
      ".read": true,
      ".write": true 
  }
}
[debug] [2020-04-23T05:37:04.665Z] <<< HTTP RESPONSE 200
[info] ✔  database: rules for database noiskitchenkc released successfully
[debug] [2020-04-23T05:37:04.667Z] >>> HTTP REQUEST GET https://cloudfunctions.googleapis.com/v1/projects/noiskitchenkc/locations/-/functions  
 
[debug] [2020-04-23T05:37:05.079Z] <<< HTTP RESPONSE 200
[info] i  functions: updating Node.js 8 function sendUserEmail(us-central1)...
[debug] [2020-04-23T05:37:05.083Z] Trigger is:  {"eventTrigger":{"resource":"projects/_/instances/noiskitchenkc/refs/orders/{pushId}","eventType":"providers/google.firebase.database/eventTypes/ref.create","service":"firebaseio.com"}}
[debug] [2020-04-23T05:37:05.085Z] >>> HTTP REQUEST GET https://serviceusage.googleapis.com/v1/projects/noiskitchenkc/services/cloudscheduler.googleapis.com  
 
[debug] [2020-04-23T05:37:05.315Z] <<< HTTP RESPONSE 200
[debug] [2020-04-23T05:37:05.319Z] >>> HTTP REQUEST PATCH https://cloudfunctions.googleapis.com/v1/projects/noiskitchenkc/locations/us-central1/functions/sendUserEmail {"updateMask":"sourceUploadUrl,name,labels,runtime,eventTrigger.resource,eventTrigger.eventType,eventTrigger.service"} 

[debug] [2020-04-23T05:37:05.746Z] <<< HTTP RESPONSE 200
[debug] [2020-04-23T05:37:05.748Z] >>> HTTP REQUEST GET https://cloudfunctions.googleapis.com/v1/operations/bm9pc2tpdGNoZW5rYy91cy1jZW50cmFsMS9zZW5kVXNlckVtYWlsL0NHLXF5VFZnSTh3  
 
[debug] [2020-04-23T05:37:05.913Z] <<< HTTP RESPONSE 200
[debug] [2020-04-23T05:37:07.920Z] >>> HTTP REQUEST GET https://cloudfunctions.googleapis.com/v1/operations/bm9pc2tpdGNoZW5rYy91cy1jZW50cmFsMS9zZW5kVXNlckVtYWlsL0NHLXF5VFZnSTh3  
 
[debug] [2020-04-23T05:37:08.077Z] <<< HTTP RESPONSE 200
